mode: set
github.com/filipeandrade6/fiap-pedeai-clientes/main.go:15.13,31.16 5 0
github.com/filipeandrade6/fiap-pedeai-clientes/main.go:31.16,33.3 1 0
github.com/filipeandrade6/fiap-pedeai-clientes/main.go:35.2,42.83 3 0
github.com/filipeandrade6/fiap-pedeai-clientes/main.go:42.83,44.3 1 0
github.com/filipeandrade6/fiap-pedeai-clientes/domain/entities/cliente.go:23.73,32.37 2 1
github.com/filipeandrade6/fiap-pedeai-clientes/domain/entities/cliente.go:32.37,34.3 1 1
github.com/filipeandrade6/fiap-pedeai-clientes/domain/entities/cliente.go:36.2,36.16 1 1
github.com/filipeandrade6/fiap-pedeai-clientes/domain/entities/cliente.go:39.27,41.2 1 1
github.com/filipeandrade6/fiap-pedeai-clientes/domain/entities/cliente.go:43.33,45.2 1 1
github.com/filipeandrade6/fiap-pedeai-clientes/domain/entities/cliente.go:47.32,49.2 1 1
github.com/filipeandrade6/fiap-pedeai-clientes/domain/entities/cliente.go:51.34,53.2 1 1
github.com/filipeandrade6/fiap-pedeai-clientes/domain/entities/cliente.go:55.33,57.2 1 1
github.com/filipeandrade6/fiap-pedeai-clientes/domain/entities/cliente.go:59.36,60.22 1 1
github.com/filipeandrade6/fiap-pedeai-clientes/domain/entities/cliente.go:60.22,62.3 1 1
github.com/filipeandrade6/fiap-pedeai-clientes/domain/entities/cliente.go:64.2,64.22 1 1
github.com/filipeandrade6/fiap-pedeai-clientes/domain/entities/cliente.go:64.22,66.3 1 1
github.com/filipeandrade6/fiap-pedeai-clientes/domain/entities/cliente.go:68.2,68.38 1 1
github.com/filipeandrade6/fiap-pedeai-clientes/domain/entities/cliente.go:68.38,70.3 1 1
github.com/filipeandrade6/fiap-pedeai-clientes/domain/entities/cliente.go:72.2,72.54 1 1
github.com/filipeandrade6/fiap-pedeai-clientes/domain/entities/cliente.go:72.54,74.3 1 1
github.com/filipeandrade6/fiap-pedeai-clientes/domain/entities/cliente.go:76.2,76.12 1 1
github.com/filipeandrade6/fiap-pedeai-clientes/domain/entities/entity.go:7.17,9.2 1 1
github.com/filipeandrade6/fiap-pedeai-clientes/domain/entities/entity.go:11.39,14.2 2 1
github.com/filipeandrade6/fiap-pedeai-clientes/controllers/api/v1/entities/cliente.go:13.57,15.16 2 0
github.com/filipeandrade6/fiap-pedeai-clientes/controllers/api/v1/entities/cliente.go:15.16,17.3 1 0
github.com/filipeandrade6/fiap-pedeai-clientes/controllers/api/v1/entities/cliente.go:19.2,19.21 1 0
github.com/filipeandrade6/fiap-pedeai-clientes/controllers/api/v1/entities/cliente.go:22.56,30.2 1 0
github.com/filipeandrade6/fiap-pedeai-clientes/controllers/api/v1/handlers/clientes.go:14.77,15.54 1 0
github.com/filipeandrade6/fiap-pedeai-clientes/controllers/api/v1/handlers/clientes.go:15.54,16.37 1 0
github.com/filipeandrade6/fiap-pedeai-clientes/controllers/api/v1/handlers/clientes.go:16.37,18.18 2 0
github.com/filipeandrade6/fiap-pedeai-clientes/controllers/api/v1/handlers/clientes.go:18.18,21.5 2 0
github.com/filipeandrade6/fiap-pedeai-clientes/controllers/api/v1/handlers/clientes.go:23.4,24.10 2 0
github.com/filipeandrade6/fiap-pedeai-clientes/controllers/api/v1/handlers/clientes.go:25.9,25.46 1 0
github.com/filipeandrade6/fiap-pedeai-clientes/controllers/api/v1/handlers/clientes.go:25.46,27.18 2 0
github.com/filipeandrade6/fiap-pedeai-clientes/controllers/api/v1/handlers/clientes.go:27.18,30.5 2 0
github.com/filipeandrade6/fiap-pedeai-clientes/controllers/api/v1/handlers/clientes.go:32.4,33.10 2 0
github.com/filipeandrade6/fiap-pedeai-clientes/controllers/api/v1/handlers/clientes.go:34.9,37.31 3 0
github.com/filipeandrade6/fiap-pedeai-clientes/controllers/api/v1/handlers/clientes.go:37.31,40.5 2 0
github.com/filipeandrade6/fiap-pedeai-clientes/controllers/api/v1/handlers/clientes.go:42.4,44.18 3 0
github.com/filipeandrade6/fiap-pedeai-clientes/controllers/api/v1/handlers/clientes.go:44.18,47.5 2 0
github.com/filipeandrade6/fiap-pedeai-clientes/controllers/api/v1/handlers/clientes.go:52.81,53.54 1 0
github.com/filipeandrade6/fiap-pedeai-clientes/controllers/api/v1/handlers/clientes.go:53.54,56.17 3 0
github.com/filipeandrade6/fiap-pedeai-clientes/controllers/api/v1/handlers/clientes.go:56.17,59.4 2 0
github.com/filipeandrade6/fiap-pedeai-clientes/controllers/api/v1/handlers/clientes.go:61.3,62.17 2 0
github.com/filipeandrade6/fiap-pedeai-clientes/controllers/api/v1/handlers/clientes.go:62.17,65.4 2 0
github.com/filipeandrade6/fiap-pedeai-clientes/controllers/api/v1/handlers/clientes.go:67.3,68.9 2 0
github.com/filipeandrade6/fiap-pedeai-clientes/controllers/api/v1/handlers/clientes.go:72.78,73.54 1 0
github.com/filipeandrade6/fiap-pedeai-clientes/controllers/api/v1/handlers/clientes.go:73.54,76.17 3 0
github.com/filipeandrade6/fiap-pedeai-clientes/controllers/api/v1/handlers/clientes.go:76.17,79.4 2 0
github.com/filipeandrade6/fiap-pedeai-clientes/controllers/api/v1/handlers/clientes.go:80.3,81.17 2 0
github.com/filipeandrade6/fiap-pedeai-clientes/controllers/api/v1/handlers/clientes.go:81.17,84.4 2 0
github.com/filipeandrade6/fiap-pedeai-clientes/controllers/api/v1/handlers/clientes.go:86.3,87.33 2 0
github.com/filipeandrade6/fiap-pedeai-clientes/controllers/api/v1/handlers/clientes.go:91.78,92.54 1 0
github.com/filipeandrade6/fiap-pedeai-clientes/controllers/api/v1/handlers/clientes.go:92.54,95.17 3 0
github.com/filipeandrade6/fiap-pedeai-clientes/controllers/api/v1/handlers/clientes.go:95.17,98.4 2 0
github.com/filipeandrade6/fiap-pedeai-clientes/controllers/api/v1/handlers/clientes.go:100.3,103.17 4 0
github.com/filipeandrade6/fiap-pedeai-clientes/controllers/api/v1/handlers/clientes.go:103.17,106.4 2 0
github.com/filipeandrade6/fiap-pedeai-clientes/controllers/api/v1/handlers/clientes.go:108.3,108.51 1 0
github.com/filipeandrade6/fiap-pedeai-clientes/controllers/api/v1/handlers/clientes.go:108.51,111.4 2 0
github.com/filipeandrade6/fiap-pedeai-clientes/controllers/api/v1/handlers/clientes.go:113.3,113.38 1 0
github.com/filipeandrade6/fiap-pedeai-clientes/controllers/api/v1/handlers/clientes.go:117.78,118.54 1 0
github.com/filipeandrade6/fiap-pedeai-clientes/controllers/api/v1/handlers/clientes.go:118.54,121.17 3 0
github.com/filipeandrade6/fiap-pedeai-clientes/controllers/api/v1/handlers/clientes.go:121.17,124.4 2 0
github.com/filipeandrade6/fiap-pedeai-clientes/controllers/api/v1/handlers/clientes.go:126.3,126.48 1 0
github.com/filipeandrade6/fiap-pedeai-clientes/controllers/api/v1/handlers/clientes.go:126.48,129.4 2 0
github.com/filipeandrade6/fiap-pedeai-clientes/controllers/api/v1/handlers/clientes.go:131.3,131.38 1 0
github.com/filipeandrade6/fiap-pedeai-clientes/controllers/api/v1/handlers/clientes.go:135.72,137.16 2 0
github.com/filipeandrade6/fiap-pedeai-clientes/controllers/api/v1/handlers/clientes.go:137.16,140.3 2 0
github.com/filipeandrade6/fiap-pedeai-clientes/controllers/api/v1/handlers/clientes.go:141.2,143.16 3 0
github.com/filipeandrade6/fiap-pedeai-clientes/controllers/api/v1/handlers/clientes.go:143.16,146.3 2 0
github.com/filipeandrade6/fiap-pedeai-clientes/controllers/api/v1/handlers/clientes.go:149.64,152.16 3 0
github.com/filipeandrade6/fiap-pedeai-clientes/controllers/api/v1/handlers/clientes.go:152.16,154.3 1 0
github.com/filipeandrade6/fiap-pedeai-clientes/controllers/api/v1/handlers/clientes.go:156.2,156.16 1 0
github.com/filipeandrade6/fiap-pedeai-clientes/domain/services/cliente.go:17.48,19.2 1 1
github.com/filipeandrade6/fiap-pedeai-clientes/domain/services/cliente.go:21.73,23.16 2 1
github.com/filipeandrade6/fiap-pedeai-clientes/domain/services/cliente.go:23.16,24.45 1 1
github.com/filipeandrade6/fiap-pedeai-clientes/domain/services/cliente.go:24.45,26.4 1 1
github.com/filipeandrade6/fiap-pedeai-clientes/domain/services/cliente.go:28.2,28.14 1 1
github.com/filipeandrade6/fiap-pedeai-clientes/domain/services/cliente.go:28.14,30.3 1 1
github.com/filipeandrade6/fiap-pedeai-clientes/domain/services/cliente.go:32.2,33.16 2 1
github.com/filipeandrade6/fiap-pedeai-clientes/domain/services/cliente.go:33.16,34.45 1 1
github.com/filipeandrade6/fiap-pedeai-clientes/domain/services/cliente.go:34.45,36.4 1 0
github.com/filipeandrade6/fiap-pedeai-clientes/domain/services/cliente.go:38.2,38.14 1 1
github.com/filipeandrade6/fiap-pedeai-clientes/domain/services/cliente.go:38.14,40.3 1 1
github.com/filipeandrade6/fiap-pedeai-clientes/domain/services/cliente.go:42.2,45.16 3 1
github.com/filipeandrade6/fiap-pedeai-clientes/domain/services/cliente.go:45.16,47.3 1 0
github.com/filipeandrade6/fiap-pedeai-clientes/domain/services/cliente.go:49.2,51.16 2 1
github.com/filipeandrade6/fiap-pedeai-clientes/domain/services/cliente.go:51.16,56.3 4 1
github.com/filipeandrade6/fiap-pedeai-clientes/domain/services/cliente.go:58.2,58.16 1 1
github.com/filipeandrade6/fiap-pedeai-clientes/domain/services/cliente.go:61.55,63.16 2 1
github.com/filipeandrade6/fiap-pedeai-clientes/domain/services/cliente.go:63.16,65.3 1 1
github.com/filipeandrade6/fiap-pedeai-clientes/domain/services/cliente.go:67.2,67.16 1 1
github.com/filipeandrade6/fiap-pedeai-clientes/domain/services/cliente.go:67.16,71.3 3 1
github.com/filipeandrade6/fiap-pedeai-clientes/domain/services/cliente.go:73.2,73.15 1 1
github.com/filipeandrade6/fiap-pedeai-clientes/domain/services/cliente.go:76.77,78.16 2 1
github.com/filipeandrade6/fiap-pedeai-clientes/domain/services/cliente.go:78.16,80.3 1 1
github.com/filipeandrade6/fiap-pedeai-clientes/domain/services/cliente.go:82.2,82.16 1 1
github.com/filipeandrade6/fiap-pedeai-clientes/domain/services/cliente.go:82.16,87.3 4 1
github.com/filipeandrade6/fiap-pedeai-clientes/domain/services/cliente.go:89.2,89.15 1 1
github.com/filipeandrade6/fiap-pedeai-clientes/domain/services/cliente.go:92.74,94.16 2 1
github.com/filipeandrade6/fiap-pedeai-clientes/domain/services/cliente.go:94.16,96.3 1 1
github.com/filipeandrade6/fiap-pedeai-clientes/domain/services/cliente.go:98.2,98.16 1 1
github.com/filipeandrade6/fiap-pedeai-clientes/domain/services/cliente.go:98.16,103.3 4 1
github.com/filipeandrade6/fiap-pedeai-clientes/domain/services/cliente.go:105.2,105.15 1 1
github.com/filipeandrade6/fiap-pedeai-clientes/domain/services/cliente.go:108.78,110.16 2 1
github.com/filipeandrade6/fiap-pedeai-clientes/domain/services/cliente.go:110.16,112.3 1 1
github.com/filipeandrade6/fiap-pedeai-clientes/domain/services/cliente.go:114.2,114.16 1 1
github.com/filipeandrade6/fiap-pedeai-clientes/domain/services/cliente.go:114.16,119.3 4 1
github.com/filipeandrade6/fiap-pedeai-clientes/domain/services/cliente.go:121.2,121.15 1 1
github.com/filipeandrade6/fiap-pedeai-clientes/domain/services/cliente.go:124.58,125.43 1 1
github.com/filipeandrade6/fiap-pedeai-clientes/domain/services/cliente.go:125.43,127.3 1 0
github.com/filipeandrade6/fiap-pedeai-clientes/domain/services/cliente.go:128.2,129.16 2 1
github.com/filipeandrade6/fiap-pedeai-clientes/domain/services/cliente.go:129.16,131.3 1 1
github.com/filipeandrade6/fiap-pedeai-clientes/domain/services/cliente.go:133.2,133.16 1 1
github.com/filipeandrade6/fiap-pedeai-clientes/domain/services/cliente.go:133.16,137.3 3 1
github.com/filipeandrade6/fiap-pedeai-clientes/domain/services/cliente.go:139.2,139.12 1 1
github.com/filipeandrade6/fiap-pedeai-clientes/domain/services/cliente.go:142.48,144.16 2 1
github.com/filipeandrade6/fiap-pedeai-clientes/domain/services/cliente.go:144.16,146.3 1 1
github.com/filipeandrade6/fiap-pedeai-clientes/domain/services/cliente.go:148.2,148.16 1 1
github.com/filipeandrade6/fiap-pedeai-clientes/domain/services/cliente.go:148.16,152.3 3 1
github.com/filipeandrade6/fiap-pedeai-clientes/domain/services/cliente.go:154.2,154.12 1 1
github.com/filipeandrade6/fiap-pedeai-clientes/controllers/api/api.go:16.16,22.2 3 1
github.com/filipeandrade6/fiap-pedeai-clientes/controllers/api/v1/entities/cliente.go:13.57,15.16 2 0
github.com/filipeandrade6/fiap-pedeai-clientes/controllers/api/v1/entities/cliente.go:15.16,17.3 1 0
github.com/filipeandrade6/fiap-pedeai-clientes/controllers/api/v1/entities/cliente.go:19.2,19.21 1 0
github.com/filipeandrade6/fiap-pedeai-clientes/controllers/api/v1/entities/cliente.go:22.56,30.2 1 0
github.com/filipeandrade6/fiap-pedeai-clientes/controllers/api/v1/handlers/clientes.go:14.77,15.54 1 1
github.com/filipeandrade6/fiap-pedeai-clientes/controllers/api/v1/handlers/clientes.go:15.54,16.37 1 0
github.com/filipeandrade6/fiap-pedeai-clientes/controllers/api/v1/handlers/clientes.go:16.37,18.18 2 0
github.com/filipeandrade6/fiap-pedeai-clientes/controllers/api/v1/handlers/clientes.go:18.18,21.5 2 0
github.com/filipeandrade6/fiap-pedeai-clientes/controllers/api/v1/handlers/clientes.go:23.4,24.10 2 0
github.com/filipeandrade6/fiap-pedeai-clientes/controllers/api/v1/handlers/clientes.go:25.9,25.46 1 0
github.com/filipeandrade6/fiap-pedeai-clientes/controllers/api/v1/handlers/clientes.go:25.46,27.18 2 0
github.com/filipeandrade6/fiap-pedeai-clientes/controllers/api/v1/handlers/clientes.go:27.18,30.5 2 0
github.com/filipeandrade6/fiap-pedeai-clientes/controllers/api/v1/handlers/clientes.go:32.4,33.10 2 0
github.com/filipeandrade6/fiap-pedeai-clientes/controllers/api/v1/handlers/clientes.go:34.9,37.31 3 0
github.com/filipeandrade6/fiap-pedeai-clientes/controllers/api/v1/handlers/clientes.go:37.31,40.5 2 0
github.com/filipeandrade6/fiap-pedeai-clientes/controllers/api/v1/handlers/clientes.go:42.4,44.18 3 0
github.com/filipeandrade6/fiap-pedeai-clientes/controllers/api/v1/handlers/clientes.go:44.18,47.5 2 0
github.com/filipeandrade6/fiap-pedeai-clientes/controllers/api/v1/handlers/clientes.go:52.81,53.54 1 1
github.com/filipeandrade6/fiap-pedeai-clientes/controllers/api/v1/handlers/clientes.go:53.54,56.17 3 0
github.com/filipeandrade6/fiap-pedeai-clientes/controllers/api/v1/handlers/clientes.go:56.17,59.4 2 0
github.com/filipeandrade6/fiap-pedeai-clientes/controllers/api/v1/handlers/clientes.go:61.3,62.17 2 0
github.com/filipeandrade6/fiap-pedeai-clientes/controllers/api/v1/handlers/clientes.go:62.17,65.4 2 0
github.com/filipeandrade6/fiap-pedeai-clientes/controllers/api/v1/handlers/clientes.go:67.3,68.9 2 0
github.com/filipeandrade6/fiap-pedeai-clientes/controllers/api/v1/handlers/clientes.go:72.78,73.54 1 1
github.com/filipeandrade6/fiap-pedeai-clientes/controllers/api/v1/handlers/clientes.go:73.54,76.17 3 0
github.com/filipeandrade6/fiap-pedeai-clientes/controllers/api/v1/handlers/clientes.go:76.17,79.4 2 0
github.com/filipeandrade6/fiap-pedeai-clientes/controllers/api/v1/handlers/clientes.go:80.3,81.17 2 0
github.com/filipeandrade6/fiap-pedeai-clientes/controllers/api/v1/handlers/clientes.go:81.17,84.4 2 0
github.com/filipeandrade6/fiap-pedeai-clientes/controllers/api/v1/handlers/clientes.go:86.3,87.33 2 0
github.com/filipeandrade6/fiap-pedeai-clientes/controllers/api/v1/handlers/clientes.go:91.78,92.54 1 1
github.com/filipeandrade6/fiap-pedeai-clientes/controllers/api/v1/handlers/clientes.go:92.54,95.17 3 0
github.com/filipeandrade6/fiap-pedeai-clientes/controllers/api/v1/handlers/clientes.go:95.17,98.4 2 0
github.com/filipeandrade6/fiap-pedeai-clientes/controllers/api/v1/handlers/clientes.go:100.3,103.17 4 0
github.com/filipeandrade6/fiap-pedeai-clientes/controllers/api/v1/handlers/clientes.go:103.17,106.4 2 0
github.com/filipeandrade6/fiap-pedeai-clientes/controllers/api/v1/handlers/clientes.go:108.3,108.51 1 0
github.com/filipeandrade6/fiap-pedeai-clientes/controllers/api/v1/handlers/clientes.go:108.51,111.4 2 0
github.com/filipeandrade6/fiap-pedeai-clientes/controllers/api/v1/handlers/clientes.go:113.3,113.38 1 0
github.com/filipeandrade6/fiap-pedeai-clientes/controllers/api/v1/handlers/clientes.go:117.78,118.54 1 1
github.com/filipeandrade6/fiap-pedeai-clientes/controllers/api/v1/handlers/clientes.go:118.54,121.17 3 0
github.com/filipeandrade6/fiap-pedeai-clientes/controllers/api/v1/handlers/clientes.go:121.17,124.4 2 0
github.com/filipeandrade6/fiap-pedeai-clientes/controllers/api/v1/handlers/clientes.go:126.3,126.48 1 0
github.com/filipeandrade6/fiap-pedeai-clientes/controllers/api/v1/handlers/clientes.go:126.48,129.4 2 0
github.com/filipeandrade6/fiap-pedeai-clientes/controllers/api/v1/handlers/clientes.go:131.3,131.38 1 0
github.com/filipeandrade6/fiap-pedeai-clientes/controllers/api/v1/handlers/clientes.go:135.72,137.16 2 0
github.com/filipeandrade6/fiap-pedeai-clientes/controllers/api/v1/handlers/clientes.go:137.16,140.3 2 0
github.com/filipeandrade6/fiap-pedeai-clientes/controllers/api/v1/handlers/clientes.go:141.2,143.16 3 0
github.com/filipeandrade6/fiap-pedeai-clientes/controllers/api/v1/handlers/clientes.go:143.16,146.3 2 0
github.com/filipeandrade6/fiap-pedeai-clientes/controllers/api/v1/handlers/clientes.go:149.64,152.16 3 0
github.com/filipeandrade6/fiap-pedeai-clientes/controllers/api/v1/handlers/clientes.go:152.16,154.3 1 0
github.com/filipeandrade6/fiap-pedeai-clientes/controllers/api/v1/handlers/clientes.go:156.2,156.16 1 0
github.com/filipeandrade6/fiap-pedeai-clientes/adapters/repository/postgresql/db/db.go:20.28,22.2 1 0
github.com/filipeandrade6/fiap-pedeai-clientes/adapters/repository/postgresql/db/db.go:28.46,32.2 1 0
github.com/filipeandrade6/fiap-pedeai-clientes/adapters/repository/postgresql/db/queries.sql.go:29.96,46.2 4 0
github.com/filipeandrade6/fiap-pedeai-clientes/adapters/repository/postgresql/db/queries.sql.go:52.63,55.2 2 0
github.com/filipeandrade6/fiap-pedeai-clientes/adapters/repository/postgresql/db/queries.sql.go:61.76,64.2 2 0
github.com/filipeandrade6/fiap-pedeai-clientes/adapters/repository/postgresql/db/queries.sql.go:70.90,81.2 4 0
github.com/filipeandrade6/fiap-pedeai-clientes/adapters/repository/postgresql/db/queries.sql.go:87.94,98.2 4 0
github.com/filipeandrade6/fiap-pedeai-clientes/adapters/repository/postgresql/db/queries.sql.go:107.88,118.2 4 0
github.com/filipeandrade6/fiap-pedeai-clientes/adapters/repository/postgresql/db/queries.sql.go:124.71,126.16 2 0
github.com/filipeandrade6/fiap-pedeai-clientes/adapters/repository/postgresql/db/queries.sql.go:126.16,128.3 1 0
github.com/filipeandrade6/fiap-pedeai-clientes/adapters/repository/postgresql/db/queries.sql.go:129.2,131.18 3 0
github.com/filipeandrade6/fiap-pedeai-clientes/adapters/repository/postgresql/db/queries.sql.go:131.18,139.17 2 0
github.com/filipeandrade6/fiap-pedeai-clientes/adapters/repository/postgresql/db/queries.sql.go:139.17,141.4 1 0
github.com/filipeandrade6/fiap-pedeai-clientes/adapters/repository/postgresql/db/queries.sql.go:142.3,142.27 1 0
github.com/filipeandrade6/fiap-pedeai-clientes/adapters/repository/postgresql/db/queries.sql.go:144.2,144.35 1 0
github.com/filipeandrade6/fiap-pedeai-clientes/adapters/repository/postgresql/db/queries.sql.go:144.35,146.3 1 0
github.com/filipeandrade6/fiap-pedeai-clientes/adapters/repository/postgresql/db/queries.sql.go:147.2,147.19 1 0
github.com/filipeandrade6/fiap-pedeai-clientes/adapters/repository/postgresql/db/queries.sql.go:164.85,173.2 2 0
github.com/filipeandrade6/fiap-pedeai-clientes/controllers/api/v1/routes.go:10.60,13.42 2 1
github.com/filipeandrade6/fiap-pedeai-clientes/controllers/api/v1/routes.go:13.42,19.3 5 1
github.com/filipeandrade6/fiap-pedeai-clientes/controllers/api/v1/routes.go:21.2,21.10 1 1
github.com/filipeandrade6/fiap-pedeai-clientes/controllers/api/v1/entities/cliente.go:13.57,15.16 2 1
github.com/filipeandrade6/fiap-pedeai-clientes/controllers/api/v1/entities/cliente.go:15.16,17.3 1 0
github.com/filipeandrade6/fiap-pedeai-clientes/controllers/api/v1/entities/cliente.go:19.2,19.21 1 1
github.com/filipeandrade6/fiap-pedeai-clientes/controllers/api/v1/entities/cliente.go:22.56,30.2 1 1
github.com/filipeandrade6/fiap-pedeai-clientes/controllers/api/v1/handlers/clientes.go:14.77,15.54 1 1
github.com/filipeandrade6/fiap-pedeai-clientes/controllers/api/v1/handlers/clientes.go:15.54,16.37 1 1
github.com/filipeandrade6/fiap-pedeai-clientes/controllers/api/v1/handlers/clientes.go:16.37,18.18 2 1
github.com/filipeandrade6/fiap-pedeai-clientes/controllers/api/v1/handlers/clientes.go:18.18,21.5 2 0
github.com/filipeandrade6/fiap-pedeai-clientes/controllers/api/v1/handlers/clientes.go:23.4,24.10 2 1
github.com/filipeandrade6/fiap-pedeai-clientes/controllers/api/v1/handlers/clientes.go:25.9,25.46 1 1
github.com/filipeandrade6/fiap-pedeai-clientes/controllers/api/v1/handlers/clientes.go:25.46,27.18 2 1
github.com/filipeandrade6/fiap-pedeai-clientes/controllers/api/v1/handlers/clientes.go:27.18,30.5 2 0
github.com/filipeandrade6/fiap-pedeai-clientes/controllers/api/v1/handlers/clientes.go:32.4,33.10 2 1
github.com/filipeandrade6/fiap-pedeai-clientes/controllers/api/v1/handlers/clientes.go:34.9,37.31 3 1
github.com/filipeandrade6/fiap-pedeai-clientes/controllers/api/v1/handlers/clientes.go:37.31,40.5 2 1
github.com/filipeandrade6/fiap-pedeai-clientes/controllers/api/v1/handlers/clientes.go:42.4,44.18 3 1
github.com/filipeandrade6/fiap-pedeai-clientes/controllers/api/v1/handlers/clientes.go:44.18,47.5 2 0
github.com/filipeandrade6/fiap-pedeai-clientes/controllers/api/v1/handlers/clientes.go:52.81,53.54 1 1
github.com/filipeandrade6/fiap-pedeai-clientes/controllers/api/v1/handlers/clientes.go:53.54,56.17 3 1
github.com/filipeandrade6/fiap-pedeai-clientes/controllers/api/v1/handlers/clientes.go:56.17,59.4 2 0
github.com/filipeandrade6/fiap-pedeai-clientes/controllers/api/v1/handlers/clientes.go:61.3,62.17 2 1
github.com/filipeandrade6/fiap-pedeai-clientes/controllers/api/v1/handlers/clientes.go:62.17,65.4 2 0
github.com/filipeandrade6/fiap-pedeai-clientes/controllers/api/v1/handlers/clientes.go:67.3,68.9 2 1
github.com/filipeandrade6/fiap-pedeai-clientes/controllers/api/v1/handlers/clientes.go:72.78,73.54 1 1
github.com/filipeandrade6/fiap-pedeai-clientes/controllers/api/v1/handlers/clientes.go:73.54,76.17 3 1
github.com/filipeandrade6/fiap-pedeai-clientes/controllers/api/v1/handlers/clientes.go:76.17,79.4 2 0
github.com/filipeandrade6/fiap-pedeai-clientes/controllers/api/v1/handlers/clientes.go:80.3,81.17 2 1
github.com/filipeandrade6/fiap-pedeai-clientes/controllers/api/v1/handlers/clientes.go:81.17,84.4 2 0
github.com/filipeandrade6/fiap-pedeai-clientes/controllers/api/v1/handlers/clientes.go:86.3,87.33 2 1
github.com/filipeandrade6/fiap-pedeai-clientes/controllers/api/v1/handlers/clientes.go:91.78,92.54 1 1
github.com/filipeandrade6/fiap-pedeai-clientes/controllers/api/v1/handlers/clientes.go:92.54,95.17 3 1
github.com/filipeandrade6/fiap-pedeai-clientes/controllers/api/v1/handlers/clientes.go:95.17,98.4 2 0
github.com/filipeandrade6/fiap-pedeai-clientes/controllers/api/v1/handlers/clientes.go:100.3,103.17 4 1
github.com/filipeandrade6/fiap-pedeai-clientes/controllers/api/v1/handlers/clientes.go:103.17,106.4 2 0
github.com/filipeandrade6/fiap-pedeai-clientes/controllers/api/v1/handlers/clientes.go:108.3,108.51 1 1
github.com/filipeandrade6/fiap-pedeai-clientes/controllers/api/v1/handlers/clientes.go:108.51,111.4 2 0
github.com/filipeandrade6/fiap-pedeai-clientes/controllers/api/v1/handlers/clientes.go:113.3,113.38 1 1
github.com/filipeandrade6/fiap-pedeai-clientes/controllers/api/v1/handlers/clientes.go:117.78,118.54 1 1
github.com/filipeandrade6/fiap-pedeai-clientes/controllers/api/v1/handlers/clientes.go:118.54,121.17 3 1
github.com/filipeandrade6/fiap-pedeai-clientes/controllers/api/v1/handlers/clientes.go:121.17,124.4 2 0
github.com/filipeandrade6/fiap-pedeai-clientes/controllers/api/v1/handlers/clientes.go:126.3,126.48 1 1
github.com/filipeandrade6/fiap-pedeai-clientes/controllers/api/v1/handlers/clientes.go:126.48,129.4 2 0
github.com/filipeandrade6/fiap-pedeai-clientes/controllers/api/v1/handlers/clientes.go:131.3,131.38 1 1
github.com/filipeandrade6/fiap-pedeai-clientes/controllers/api/v1/handlers/clientes.go:135.72,137.16 2 1
github.com/filipeandrade6/fiap-pedeai-clientes/controllers/api/v1/handlers/clientes.go:137.16,140.3 2 0
github.com/filipeandrade6/fiap-pedeai-clientes/controllers/api/v1/handlers/clientes.go:141.2,143.16 3 1
github.com/filipeandrade6/fiap-pedeai-clientes/controllers/api/v1/handlers/clientes.go:143.16,146.3 2 0
github.com/filipeandrade6/fiap-pedeai-clientes/controllers/api/v1/handlers/clientes.go:149.64,152.16 3 1
github.com/filipeandrade6/fiap-pedeai-clientes/controllers/api/v1/handlers/clientes.go:152.16,154.3 1 0
github.com/filipeandrade6/fiap-pedeai-clientes/controllers/api/v1/handlers/clientes.go:156.2,156.16 1 1
github.com/filipeandrade6/fiap-pedeai-clientes/adapters/repository/postgresql/cliente.go:15.61,26.16 2 1
github.com/filipeandrade6/fiap-pedeai-clientes/adapters/repository/postgresql/cliente.go:26.16,28.3 1 0
github.com/filipeandrade6/fiap-pedeai-clientes/adapters/repository/postgresql/cliente.go:30.2,30.12 1 1
github.com/filipeandrade6/fiap-pedeai-clientes/adapters/repository/postgresql/cliente.go:33.58,35.16 2 1
github.com/filipeandrade6/fiap-pedeai-clientes/adapters/repository/postgresql/cliente.go:35.16,37.3 1 0
github.com/filipeandrade6/fiap-pedeai-clientes/adapters/repository/postgresql/cliente.go:39.2,40.35 2 1
github.com/filipeandrade6/fiap-pedeai-clientes/adapters/repository/postgresql/cliente.go:40.35,48.17 2 1
github.com/filipeandrade6/fiap-pedeai-clientes/adapters/repository/postgresql/cliente.go:48.17,50.4 1 0
github.com/filipeandrade6/fiap-pedeai-clientes/adapters/repository/postgresql/cliente.go:52.3,52.39 1 1
github.com/filipeandrade6/fiap-pedeai-clientes/adapters/repository/postgresql/cliente.go:55.2,55.25 1 1
github.com/filipeandrade6/fiap-pedeai-clientes/adapters/repository/postgresql/cliente.go:59.80,61.35 2 1
github.com/filipeandrade6/fiap-pedeai-clientes/adapters/repository/postgresql/cliente.go:61.35,63.3 1 0
github.com/filipeandrade6/fiap-pedeai-clientes/adapters/repository/postgresql/cliente.go:64.2,64.16 1 1
github.com/filipeandrade6/fiap-pedeai-clientes/adapters/repository/postgresql/cliente.go:64.16,66.3 1 0
github.com/filipeandrade6/fiap-pedeai-clientes/adapters/repository/postgresql/cliente.go:68.2,75.16 2 1
github.com/filipeandrade6/fiap-pedeai-clientes/adapters/repository/postgresql/cliente.go:75.16,77.3 1 0
github.com/filipeandrade6/fiap-pedeai-clientes/adapters/repository/postgresql/cliente.go:79.2,79.18 1 1
github.com/filipeandrade6/fiap-pedeai-clientes/adapters/repository/postgresql/cliente.go:82.77,84.35 2 1
github.com/filipeandrade6/fiap-pedeai-clientes/adapters/repository/postgresql/cliente.go:84.35,86.3 1 0
github.com/filipeandrade6/fiap-pedeai-clientes/adapters/repository/postgresql/cliente.go:87.2,87.16 1 1
github.com/filipeandrade6/fiap-pedeai-clientes/adapters/repository/postgresql/cliente.go:87.16,89.3 1 0
github.com/filipeandrade6/fiap-pedeai-clientes/adapters/repository/postgresql/cliente.go:91.2,98.16 2 1
github.com/filipeandrade6/fiap-pedeai-clientes/adapters/repository/postgresql/cliente.go:98.16,100.3 1 0
github.com/filipeandrade6/fiap-pedeai-clientes/adapters/repository/postgresql/cliente.go:102.2,102.18 1 1
github.com/filipeandrade6/fiap-pedeai-clientes/adapters/repository/postgresql/cliente.go:105.81,107.35 2 1
github.com/filipeandrade6/fiap-pedeai-clientes/adapters/repository/postgresql/cliente.go:107.35,109.3 1 0
github.com/filipeandrade6/fiap-pedeai-clientes/adapters/repository/postgresql/cliente.go:110.2,110.16 1 1
github.com/filipeandrade6/fiap-pedeai-clientes/adapters/repository/postgresql/cliente.go:110.16,112.3 1 0
github.com/filipeandrade6/fiap-pedeai-clientes/adapters/repository/postgresql/cliente.go:114.2,121.16 2 1
github.com/filipeandrade6/fiap-pedeai-clientes/adapters/repository/postgresql/cliente.go:121.16,123.3 1 0
github.com/filipeandrade6/fiap-pedeai-clientes/adapters/repository/postgresql/cliente.go:125.2,125.18 1 1
github.com/filipeandrade6/fiap-pedeai-clientes/adapters/repository/postgresql/cliente.go:128.61,136.16 2 1
github.com/filipeandrade6/fiap-pedeai-clientes/adapters/repository/postgresql/cliente.go:136.16,138.3 1 0
github.com/filipeandrade6/fiap-pedeai-clientes/adapters/repository/postgresql/cliente.go:140.2,140.12 1 1
github.com/filipeandrade6/fiap-pedeai-clientes/adapters/repository/postgresql/cliente.go:143.51,145.16 2 1
github.com/filipeandrade6/fiap-pedeai-clientes/adapters/repository/postgresql/cliente.go:145.16,147.3 1 0
github.com/filipeandrade6/fiap-pedeai-clientes/adapters/repository/postgresql/cliente.go:149.2,149.12 1 1
github.com/filipeandrade6/fiap-pedeai-clientes/adapters/repository/postgresql/setup.go:25.64,27.20 2 1
github.com/filipeandrade6/fiap-pedeai-clientes/adapters/repository/postgresql/setup.go:27.20,29.3 1 1
github.com/filipeandrade6/fiap-pedeai-clientes/adapters/repository/postgresql/setup.go:31.2,44.16 6 1
github.com/filipeandrade6/fiap-pedeai-clientes/adapters/repository/postgresql/setup.go:44.16,46.3 1 0
github.com/filipeandrade6/fiap-pedeai-clientes/adapters/repository/postgresql/setup.go:48.2,50.31 2 1
github.com/filipeandrade6/fiap-pedeai-clientes/adapters/repository/postgresql/db/db.go:20.28,22.2 1 1
github.com/filipeandrade6/fiap-pedeai-clientes/adapters/repository/postgresql/db/db.go:28.46,32.2 1 0
github.com/filipeandrade6/fiap-pedeai-clientes/adapters/repository/postgresql/db/queries.sql.go:29.96,46.2 4 1
github.com/filipeandrade6/fiap-pedeai-clientes/adapters/repository/postgresql/db/queries.sql.go:52.63,55.2 2 1
github.com/filipeandrade6/fiap-pedeai-clientes/adapters/repository/postgresql/db/queries.sql.go:61.76,64.2 2 1
github.com/filipeandrade6/fiap-pedeai-clientes/adapters/repository/postgresql/db/queries.sql.go:70.90,81.2 4 1
github.com/filipeandrade6/fiap-pedeai-clientes/adapters/repository/postgresql/db/queries.sql.go:87.94,98.2 4 1
github.com/filipeandrade6/fiap-pedeai-clientes/adapters/repository/postgresql/db/queries.sql.go:107.88,118.2 4 1
github.com/filipeandrade6/fiap-pedeai-clientes/adapters/repository/postgresql/db/queries.sql.go:124.71,126.16 2 1
github.com/filipeandrade6/fiap-pedeai-clientes/adapters/repository/postgresql/db/queries.sql.go:126.16,128.3 1 0
github.com/filipeandrade6/fiap-pedeai-clientes/adapters/repository/postgresql/db/queries.sql.go:129.2,131.18 3 1
github.com/filipeandrade6/fiap-pedeai-clientes/adapters/repository/postgresql/db/queries.sql.go:131.18,139.17 2 1
github.com/filipeandrade6/fiap-pedeai-clientes/adapters/repository/postgresql/db/queries.sql.go:139.17,141.4 1 0
github.com/filipeandrade6/fiap-pedeai-clientes/adapters/repository/postgresql/db/queries.sql.go:142.3,142.27 1 1
github.com/filipeandrade6/fiap-pedeai-clientes/adapters/repository/postgresql/db/queries.sql.go:144.2,144.35 1 1
github.com/filipeandrade6/fiap-pedeai-clientes/adapters/repository/postgresql/db/queries.sql.go:144.35,146.3 1 0
github.com/filipeandrade6/fiap-pedeai-clientes/adapters/repository/postgresql/db/queries.sql.go:147.2,147.19 1 1
github.com/filipeandrade6/fiap-pedeai-clientes/adapters/repository/postgresql/db/queries.sql.go:164.85,173.2 2 1
